\BOOKMARK [1][-]{section.1}{\376\377\060\157\060\130\060\201\060\153}{}% 1
\BOOKMARK [1][-]{section.2}{\376\377\122\051\165\050\200\005\124\021\060\121}{}% 2
\BOOKMARK [2][-]{subsection.2.1}{\376\377\151\202\211\201}{section.2}% 3
\BOOKMARK [2][-]{subsection.2.2}{\376\377\117\177\165\050\060\147\060\115\060\213\152\137\200\375}{section.2}% 4
\BOOKMARK [2][-]{subsection.2.3}{\376\377\060\267\060\271\060\306\060\340\060\156\117\177\060\104\145\271\060\153\060\144\060\104\060\146}{section.2}% 5
\BOOKMARK [1][-]{section.3}{\376\377\173\241\164\006\200\005\124\021\060\121}{}% 6
\BOOKMARK [2][-]{subsection.3.1}{\376\377\060\265\060\374\060\320\060\374\060\156\215\167\122\325\145\271\154\325}{section.3}% 7
\BOOKMARK [2][-]{subsection.3.2}{\376\377\060\265\060\374\060\320\060\374\060\170\060\156\143\245\175\232\145\271\154\325}{section.3}% 8
\BOOKMARK [2][-]{subsection.3.3}{\376\377\215\167\122\325\060\147\060\115\060\152\060\104\130\064\124\010}{section.3}% 9
\BOOKMARK [2][-]{subsection.3.4}{\376\377\175\102\116\206\145\271\154\325}{section.3}% 10
\BOOKMARK [1][-]{section.4}{\376\377\225\213\166\172\200\005\124\021\060\121}{}% 11
\BOOKMARK [2][-]{subsection.4.1}{\376\377\151\202\211\201}{section.4}% 12
\BOOKMARK [2][-]{subsection.4.2}{\376\377\236\304\221\321\210\324\060\267\060\271\060\306\060\340\060\153\060\144\060\104\060\146}{section.4}% 13
\BOOKMARK [2][-]{subsection.4.3}{\376\377\236\304\221\321\210\324\060\267\060\271\060\306\060\340\060\156\000H\000T\000T\000P\060\341\060\275\060\303\060\311\060\150\060\352\060\275\060\374\060\271\124\015\116\000\211\247}{section.4}% 14
\BOOKMARK [2][-]{subsection.4.4}{\376\377\236\304\221\321\210\324\060\267\060\271\060\306\060\340\060\156\060\352\060\275\060\374\060\271\124\015\060\124\060\150\060\156\152\137\200\375\060\156\212\163\175\060}{section.4}% 15
\BOOKMARK [2][-]{subsection.4.5}{\376\377\123\237\171\136\146\037\377\025\200\126\220\172\162\151\060\267\060\271\060\306\060\340}{section.4}% 16
\BOOKMARK [2][-]{subsection.4.6}{\376\377\236\304\221\321\210\324\060\267\060\271\060\306\060\340\060\156\000H\000T\000T\000P\060\341\060\275\060\303\060\311\060\150\060\352\060\275\060\374\060\271\124\015\116\000\211\247}{section.4}% 17
\BOOKMARK [2][-]{subsection.4.7}{\376\377\123\237\171\136\146\037\377\025\200\126\220\172\162\151\060\267\060\271\060\306\060\340\060\156\060\352\060\275\060\374\060\271\124\015\060\124\060\150\060\156\152\137\200\375\060\156\212\163\175\060}{section.4}% 18
\BOOKMARK [2][-]{subsection.4.8}{\376\377\234\364\157\156\226\120\133\232\146\037\377\025\142\100\143\001\060\255\060\343\060\351\060\267\060\271\060\306\060\340\060\153\060\144\060\104\060\146}{section.4}% 19
\BOOKMARK [2][-]{subsection.4.9}{\376\377\236\304\221\321\210\324\060\267\060\271\060\306\060\340\060\156\000H\000T\000T\000P\060\341\060\275\060\303\060\311\060\150\060\352\060\275\060\374\060\271\124\015\116\000\211\247}{section.4}% 20
\BOOKMARK [2][-]{subsection.4.10}{\376\377\234\364\157\156\226\120\133\232\146\037\377\025\142\100\143\001\060\255\060\343\060\351\060\267\060\271\060\306\060\340\060\156\060\352\060\275\060\374\060\271\124\015\060\124\060\150\060\156\152\137\200\375\060\156\212\163\175\060}{section.4}% 21
